[2025-06-16 08:01:48.203] [INFO] Logger initialized. Log file: C:\Users\pguillen\source\repos\NetworkCheck\NetworkCheck\bin\Debug\net9.0\logs\network_scan_20250616_080148.log
[2025-06-16 08:01:48.204] [DEBUG] Starting network IP address scan.
[2025-06-16 08:01:48.453] [DEBUG] Global Protect disabled registry value: 0
[2025-06-16 08:01:48.453] [DEBUG] Global Protect Status: On
[2025-06-16 08:01:48.453] [DEBUG] IP address 10.93.244.209 matches pattern. Location/Status: Working from Home (Detroit)
[2025-06-16 08:01:48.454] [DEBUG] Processing IPv4 address: 10.93.244.209 , Interface Ethernet 5 , description: PANGP Virtual Ethernet Adapter Secure , type: This is an Ethernet interface.
Identified as a VPN IP address: 10.93.244.209
VPN Status Check Result: True
Set primary VPN IP found during scan to: 10.93.244.209

[2025-06-16 08:01:48.472] [DEBUG] Processing IPv4 address: 192.168.86.54 , Interface Ethernet 2 , description: Realtek USB GbE Family Controller , type: This is an Ethernet interface.
Added non-VPN IP 192.168.86.54 to all relevant IPs.

[2025-06-16 08:01:48.472] [DEBUG] Processing IPv4 address: 172.22.176.1 , Interface vEthernet (WSL) , description: Hyper-V Virtual Ethernet Adapter , type: This is an Ethernet interface.
Skipped WSL interface IP address: 172.22.176.1

[2025-06-16 08:01:48.472] [DEBUG] Processing IPv4 address: 172.21.240.1 , Interface vEthernet (WSL (Hyper-V firewall)) , description: Hyper-V Virtual Ethernet Adapter #2 , type: This is an Ethernet interface.
Skipped WSL interface IP address: 172.21.240.1

[2025-06-16 08:01:48.473] [INFO] VPN IP address found during scan: 10.93.244.209 (This is an Ethernet interface.)
[2025-06-16 08:01:48.474] [INFO] Working from Home (Detroit)
[2025-06-16 08:01:48.474] [INFO] Summary Complete - Determined Primary IP: 10.93.244.209
[2025-06-16 08:01:48.475] [INFO] Summary Complete - Determined Working From Home: True
[2025-06-16 08:01:48.475] [INFO] Summary Complete - Final IP Map Size: 2
[2025-06-16 08:01:48.476] [INFO] Summary Complete - Final IP Map: 10.93.244.209: This is an Ethernet interface., 192.168.86.54: This is an Ethernet interface.
[2025-06-16 08:01:48.476] [DEBUG] **** Skipped items during network scan:  *****
[2025-06-16 08:01:48.476] [DEBUG]   - Skipped interface: Intel(R) Ethernet Connection (14) I219-LM (Operational: False, Loopback: False, HasAddresses: True)
[2025-06-16 08:01:48.476] [DEBUG]   - Skipped link-local IPv6 address: fe80::2b74:1177:902a:85a9%14
[2025-06-16 08:01:48.476] [DEBUG]   - Skipped interface: Microsoft Wi-Fi Direct Virtual Adapter (Operational: False, Loopback: False, HasAddresses: True)
[2025-06-16 08:01:48.476] [DEBUG]   - Skipped interface: Microsoft Wi-Fi Direct Virtual Adapter #2 (Operational: False, Loopback: False, HasAddresses: True)
[2025-06-16 08:01:48.476] [DEBUG]   - Skipped interface: Intel(R) Wi-Fi 6 AX201 160MHz (Operational: False, Loopback: False, HasAddresses: True)
[2025-06-16 08:01:48.476] [DEBUG]   - Skipped interface: Bluetooth Device (Personal Area Network) (Operational: False, Loopback: False, HasAddresses: True)
[2025-06-16 08:01:48.476] [DEBUG]   - Skipped interface: Software Loopback Interface 1 (Operational: True, Loopback: True, HasAddresses: True)
[2025-06-16 08:01:48.477] [DEBUG]   - Skipped link-local IPv6 address: fe80::d5ff:606a:824:7e97%46
[2025-06-16 08:01:48.477] [DEBUG]   - Skipped WSL interface IP address: 172.22.176.1 (Interface: vEthernet (WSL), Description: Hyper-V Virtual Ethernet Adapter)
[2025-06-16 08:01:48.477] [DEBUG]   - Skipped link-local IPv6 address: fe80::686e:1f4b:9938:6776%53
[2025-06-16 08:01:48.477] [DEBUG]   - Skipped WSL interface IP address: 172.21.240.1 (Interface: vEthernet (WSL (Hyper-V firewall)), Description: Hyper-V Virtual Ethernet Adapter #2)
[2025-06-16 08:01:48.477] [DEBUG]   - Skipped interface: Realtek USB GbE Family Controller-WFP Native MAC Layer LightWeight Filter-0000 (Operational: True, Loopback: False, HasAddresses: False)
[2025-06-16 08:01:48.477] [DEBUG]   - Skipped interface: Realtek USB GbE Family Controller-QoS Packet Scheduler-0000 (Operational: True, Loopback: False, HasAddresses: False)
[2025-06-16 08:01:48.477] [DEBUG]   - Skipped interface: Realtek USB GbE Family Controller-WFP 802.3 MAC Layer LightWeight Filter-0000 (Operational: True, Loopback: False, HasAddresses: False)
[2025-06-16 08:01:48.477] [DEBUG]   - Skipped interface: PANGP Virtual Ethernet Adapter Secure-WFP Native MAC Layer LightWeight Filter-0000 (Operational: True, Loopback: False, HasAddresses: False)
[2025-06-16 08:01:48.477] [DEBUG]   - Skipped interface: Intel(R) Ethernet Connection (14) I219-LM-WFP Native MAC Layer LightWeight Filter-0000 (Operational: False, Loopback: False, HasAddresses: False)
[2025-06-16 08:01:48.477] [DEBUG]   - Skipped interface: Intel(R) Ethernet Connection (14) I219-LM-QoS Packet Scheduler-0000 (Operational: False, Loopback: False, HasAddresses: False)
[2025-06-16 08:01:48.477] [DEBUG]   - Skipped interface: Intel(R) Ethernet Connection (14) I219-LM-WFP 802.3 MAC Layer LightWeight Filter-0000 (Operational: False, Loopback: False, HasAddresses: False)
[2025-06-16 08:01:48.477] [DEBUG]   - Skipped interface: PANGP Virtual Ethernet Adapter Secure-QoS Packet Scheduler-0000 (Operational: True, Loopback: False, HasAddresses: False)
[2025-06-16 08:01:48.477] [DEBUG]   - Skipped interface: PANGP Virtual Ethernet Adapter Secure-WFP 802.3 MAC Layer LightWeight Filter-0000 (Operational: True, Loopback: False, HasAddresses: False)
[2025-06-16 08:01:48.477] [DEBUG]   - Skipped interface: Hyper-V Virtual Switch Extension Adapter-Hyper-V Virtual Switch Extension Filter-0000 (Operational: True, Loopback: False, HasAddresses: False)
[2025-06-16 08:01:48.477] [DEBUG]   - Skipped interface: Hyper-V Virtual Ethernet Adapter-WFP Native MAC Layer LightWeight Filter-0000 (Operational: True, Loopback: False, HasAddresses: False)
[2025-06-16 08:01:48.477] [DEBUG]   - Skipped interface: Hyper-V Virtual Ethernet Adapter-QoS Packet Scheduler-0000 (Operational: True, Loopback: False, HasAddresses: False)
[2025-06-16 08:01:48.477] [DEBUG]   - Skipped interface: Hyper-V Virtual Ethernet Adapter-WFP 802.3 MAC Layer LightWeight Filter-0000 (Operational: True, Loopback: False, HasAddresses: False)
[2025-06-16 08:01:48.477] [DEBUG]   - Skipped interface: Hyper-V Virtual Switch Extension Adapter #2-Hyper-V Virtual Switch Extension Filter-0000 (Operational: True, Loopback: False, HasAddresses: False)
[2025-06-16 08:01:48.477] [DEBUG]   - Skipped interface: Hyper-V Virtual Switch Extension Adapter #2-Virtual Filtering Platform VMSwitch Extension-0000 (Operational: True, Loopback: False, HasAddresses: False)
[2025-06-16 08:01:48.477] [DEBUG]   - Skipped interface: Hyper-V Virtual Ethernet Adapter #2-WFP Native MAC Layer LightWeight Filter-0000 (Operational: True, Loopback: False, HasAddresses: False)
[2025-06-16 08:01:48.478] [DEBUG]   - Skipped interface: Hyper-V Virtual Ethernet Adapter #2-QoS Packet Scheduler-0000 (Operational: True, Loopback: False, HasAddresses: False)
[2025-06-16 08:01:48.478] [DEBUG]   - Skipped interface: Hyper-V Virtual Ethernet Adapter #2-WFP 802.3 MAC Layer LightWeight Filter-0000 (Operational: True, Loopback: False, HasAddresses: False)
[2025-06-16 08:01:48.478] [DEBUG]   - Skipped interface: WAN Miniport (IP)-WFP Native MAC Layer LightWeight Filter-0000 (Operational: True, Loopback: False, HasAddresses: False)
[2025-06-16 08:01:48.478] [DEBUG]   - Skipped interface: WAN Miniport (IP)-QoS Packet Scheduler-0000 (Operational: True, Loopback: False, HasAddresses: False)
[2025-06-16 08:01:48.478] [DEBUG]   - Skipped interface: WAN Miniport (IPv6)-WFP Native MAC Layer LightWeight Filter-0000 (Operational: True, Loopback: False, HasAddresses: False)
[2025-06-16 08:01:48.478] [DEBUG]   - Skipped interface: WAN Miniport (IPv6)-QoS Packet Scheduler-0000 (Operational: True, Loopback: False, HasAddresses: False)
[2025-06-16 08:01:48.478] [DEBUG]   - Skipped interface: WAN Miniport (Network Monitor)-WFP Native MAC Layer LightWeight Filter-0000 (Operational: True, Loopback: False, HasAddresses: False)
[2025-06-16 08:01:48.478] [DEBUG]   - Skipped interface: WAN Miniport (Network Monitor)-QoS Packet Scheduler-0000 (Operational: True, Loopback: False, HasAddresses: False)
[2025-06-16 08:01:48.478] [DEBUG]   - Skipped interface: Microsoft Kernel Debug Network Adapter (Operational: False, Loopback: False, HasAddresses: False)
[2025-06-16 08:01:48.478] [DEBUG]   - Skipped interface: WAN Miniport (IP) (Operational: True, Loopback: False, HasAddresses: False)
[2025-06-16 08:01:48.478] [DEBUG]   - Skipped interface: WAN Miniport (IPv6) (Operational: True, Loopback: False, HasAddresses: False)
[2025-06-16 08:01:48.478] [DEBUG]   - Skipped interface: WAN Miniport (Network Monitor) (Operational: True, Loopback: False, HasAddresses: False)
[2025-06-16 08:01:48.478] [DEBUG]   - Skipped interface: Hyper-V Virtual Switch Extension Adapter (Operational: True, Loopback: False, HasAddresses: False)
[2025-06-16 08:01:48.478] [DEBUG]   - Skipped interface: Realtek USB GbE Family Controller #2 (Operational: False, Loopback: False, HasAddresses: False)
[2025-06-16 08:01:48.478] [DEBUG]   - Skipped interface: Hyper-V Virtual Switch Extension Adapter #2 (Operational: True, Loopback: False, HasAddresses: False)
[2025-06-16 08:01:48.478] [DEBUG]   - Skipped interface: WAN Miniport (PPPOE) (Operational: False, Loopback: False, HasAddresses: False)
[2025-06-16 08:01:48.478] [DEBUG]   - Skipped interface: Intel(R) Wi-Fi 6 AX201 160MHz-WFP Native MAC Layer LightWeight Filter-0000 (Operational: False, Loopback: False, HasAddresses: False)
[2025-06-16 08:01:48.478] [DEBUG]   - Skipped interface: Intel(R) Wi-Fi 6 AX201 160MHz-Virtual WiFi Filter Driver-0000 (Operational: False, Loopback: False, HasAddresses: False)
[2025-06-16 08:01:48.478] [DEBUG]   - Skipped interface: Intel(R) Wi-Fi 6 AX201 160MHz-Native WiFi Filter Driver-0000 (Operational: False, Loopback: False, HasAddresses: False)
[2025-06-16 08:01:48.478] [DEBUG]   - Skipped interface: Intel(R) Wi-Fi 6 AX201 160MHz-QoS Packet Scheduler-0000 (Operational: False, Loopback: False, HasAddresses: False)
[2025-06-16 08:01:48.478] [DEBUG]   - Skipped interface: Intel(R) Wi-Fi 6 AX201 160MHz-WFP 802.3 MAC Layer LightWeight Filter-0000 (Operational: False, Loopback: False, HasAddresses: False)
[2025-06-16 08:01:48.478] [DEBUG]   - Skipped interface: Microsoft Wi-Fi Direct Virtual Adapter-WFP Native MAC Layer LightWeight Filter-0000 (Operational: False, Loopback: False, HasAddresses: False)
[2025-06-16 08:01:48.478] [DEBUG]   - Skipped interface: Microsoft Wi-Fi Direct Virtual Adapter-Native WiFi Filter Driver-0000 (Operational: False, Loopback: False, HasAddresses: False)
[2025-06-16 08:01:48.478] [DEBUG]   - Skipped interface: Microsoft Wi-Fi Direct Virtual Adapter-QoS Packet Scheduler-0000 (Operational: False, Loopback: False, HasAddresses: False)
[2025-06-16 08:01:48.479] [DEBUG]   - Skipped interface: Microsoft Wi-Fi Direct Virtual Adapter-WFP 802.3 MAC Layer LightWeight Filter-0000 (Operational: False, Loopback: False, HasAddresses: False)
[2025-06-16 08:01:48.479] [DEBUG]   - Skipped interface: Microsoft Wi-Fi Direct Virtual Adapter #2-WFP Native MAC Layer LightWeight Filter-0000 (Operational: False, Loopback: False, HasAddresses: False)
[2025-06-16 08:01:48.479] [DEBUG]   - Skipped interface: Microsoft Wi-Fi Direct Virtual Adapter #2-Native WiFi Filter Driver-0000 (Operational: False, Loopback: False, HasAddresses: False)
[2025-06-16 08:01:48.479] [DEBUG]   - Skipped interface: Microsoft Wi-Fi Direct Virtual Adapter #2-QoS Packet Scheduler-0000 (Operational: False, Loopback: False, HasAddresses: False)
[2025-06-16 08:01:48.479] [DEBUG]   - Skipped interface: Microsoft Wi-Fi Direct Virtual Adapter #2-WFP 802.3 MAC Layer LightWeight Filter-0000 (Operational: False, Loopback: False, HasAddresses: False)
[2025-06-16 08:01:48.479] [DEBUG]   - Skipped interface: Microsoft Teredo Tunneling Adapter (Operational: False, Loopback: False, HasAddresses: False)
[2025-06-16 08:01:48.479] [DEBUG]   - Skipped interface: Microsoft IP-HTTPS Platform Adapter (Operational: False, Loopback: False, HasAddresses: False)
[2025-06-16 08:01:48.479] [DEBUG]   - Skipped interface: Microsoft 6to4 Adapter (Operational: False, Loopback: False, HasAddresses: False)
[2025-06-16 08:01:48.479] [DEBUG]   - Skipped interface: WAN Miniport (SSTP) (Operational: False, Loopback: False, HasAddresses: False)
[2025-06-16 08:01:48.479] [DEBUG]   - Skipped interface: WAN Miniport (IKEv2) (Operational: False, Loopback: False, HasAddresses: False)
[2025-06-16 08:01:48.479] [DEBUG]   - Skipped interface: WAN Miniport (L2TP) (Operational: False, Loopback: False, HasAddresses: False)
[2025-06-16 08:01:48.479] [DEBUG]   - Skipped interface: WAN Miniport (PPTP) (Operational: False, Loopback: False, HasAddresses: False)
[2025-06-16 08:01:48.479] [DEBUG] **** End of Skipped items ****
[2025-06-16 08:01:48.479] [DEBUG] Finished network IP address scan.
[2025-06-16 08:01:48.529] [INFO] Internet connection is available
[2025-06-16 08:01:59.064] [DEBUG] Ping 1: 33 ms to google.com
Ping 2: 29 ms to google.com
Ping 3: 29 ms to google.com
Ping 4: 35 ms to google.com
Ping 5: 31 ms to google.com
Ping 6: 32 ms to google.com
Ping 7: 31 ms to google.com
Ping 8: 35 ms to google.com
Ping 9: 32 ms to google.com
Ping 10: 31 ms to google.com
Average Ping: 31.80 ms to google.com
Median Ping: 31.50 ms to google.com
Jitter: 1.99 ms to google.com

[2025-06-16 08:02:09.458] [DEBUG] Ping 1: 27 ms to RCD2AES601.mi.corp.rockfin.com
Ping 2: 25 ms to RCD2AES601.mi.corp.rockfin.com
Ping 3: 30 ms to RCD2AES601.mi.corp.rockfin.com
Ping 4: 26 ms to RCD2AES601.mi.corp.rockfin.com
Ping 5: 21 ms to RCD2AES601.mi.corp.rockfin.com
Ping 6: 25 ms to RCD2AES601.mi.corp.rockfin.com
Ping 7: 23 ms to RCD2AES601.mi.corp.rockfin.com
Ping 8: 25 ms to RCD2AES601.mi.corp.rockfin.com
Ping 9: 25 ms to RCD2AES601.mi.corp.rockfin.com
Ping 10: 23 ms to RCD2AES601.mi.corp.rockfin.com
Average Ping: 25.00 ms to RCD2AES601.mi.corp.rockfin.com
Median Ping: 25.00 ms to RCD2AES601.mi.corp.rockfin.com
Jitter: 2.32 ms to RCD2AES601.mi.corp.rockfin.com

[2025-06-16 08:02:19.862] [DEBUG] Ping 1: 23 ms to RCD1AES601.mi.corp.rockfin.com
Ping 2: 24 ms to RCD1AES601.mi.corp.rockfin.com
Ping 3: 22 ms to RCD1AES601.mi.corp.rockfin.com
Ping 4: 24 ms to RCD1AES601.mi.corp.rockfin.com
Ping 5: 24 ms to RCD1AES601.mi.corp.rockfin.com
Ping 6: 24 ms to RCD1AES601.mi.corp.rockfin.com
Ping 7: 27 ms to RCD1AES601.mi.corp.rockfin.com
Ping 8: 23 ms to RCD1AES601.mi.corp.rockfin.com
Ping 9: 25 ms to RCD1AES601.mi.corp.rockfin.com
Ping 10: 33 ms to RCD1AES601.mi.corp.rockfin.com
Average Ping: 24.90 ms to RCD1AES601.mi.corp.rockfin.com
Median Ping: 24.00 ms to RCD1AES601.mi.corp.rockfin.com
Jitter: 2.98 ms to RCD1AES601.mi.corp.rockfin.com

[2025-06-16 08:02:30.255] [DEBUG] Ping 1: 22 ms to git.rockfin.com
Ping 2: 27 ms to git.rockfin.com
Ping 3: 25 ms to git.rockfin.com
Ping 4: 24 ms to git.rockfin.com
Ping 5: 29 ms to git.rockfin.com
Ping 6: 25 ms to git.rockfin.com
Ping 7: 23 ms to git.rockfin.com
Ping 8: 26 ms to git.rockfin.com
Ping 9: 23 ms to git.rockfin.com
Ping 10: 28 ms to git.rockfin.com
Average Ping: 25.20 ms to git.rockfin.com
Median Ping: 25.00 ms to git.rockfin.com
Jitter: 2.18 ms to git.rockfin.com

[2025-06-16 08:05:30.285] [DEBUG] Starting network IP address scan.
[2025-06-16 08:05:30.444] [DEBUG] Global Protect disabled registry value: 0
[2025-06-16 08:05:30.444] [DEBUG] Global Protect Status: On
[2025-06-16 08:05:30.444] [DEBUG] IP address 10.93.244.209 matches pattern. Location/Status: Working from Home (Detroit)
[2025-06-16 08:05:30.444] [DEBUG] Processing IPv4 address: 10.93.244.209 , Interface Ethernet 5 , description: PANGP Virtual Ethernet Adapter Secure , type: This is an Ethernet interface.
Identified as a VPN IP address: 10.93.244.209
VPN Status Check Result: True
Set primary VPN IP found during scan to: 10.93.244.209

[2025-06-16 08:05:30.445] [DEBUG] Processing IPv4 address: 192.168.86.54 , Interface Ethernet 2 , description: Realtek USB GbE Family Controller , type: This is an Ethernet interface.
Added non-VPN IP 192.168.86.54 to all relevant IPs.

[2025-06-16 08:05:30.445] [DEBUG] Processing IPv4 address: 172.22.176.1 , Interface vEthernet (WSL) , description: Hyper-V Virtual Ethernet Adapter , type: This is an Ethernet interface.
Skipped WSL interface IP address: 172.22.176.1

[2025-06-16 08:05:30.445] [DEBUG] Processing IPv4 address: 172.21.240.1 , Interface vEthernet (WSL (Hyper-V firewall)) , description: Hyper-V Virtual Ethernet Adapter #2 , type: This is an Ethernet interface.
Skipped WSL interface IP address: 172.21.240.1

[2025-06-16 08:05:30.445] [INFO] VPN IP address found during scan: 10.93.244.209 (This is an Ethernet interface.)
[2025-06-16 08:05:30.446] [INFO] Working from Home (Detroit)
[2025-06-16 08:05:30.446] [INFO] Summary Complete - Determined Primary IP: 10.93.244.209
[2025-06-16 08:05:30.446] [INFO] Summary Complete - Determined Working From Home: True
[2025-06-16 08:05:30.446] [INFO] Summary Complete - Final IP Map Size: 2
[2025-06-16 08:05:30.446] [INFO] Summary Complete - Final IP Map: 10.93.244.209: This is an Ethernet interface., 192.168.86.54: This is an Ethernet interface.
[2025-06-16 08:05:30.446] [DEBUG] **** Skipped items during network scan:  *****
[2025-06-16 08:05:30.446] [DEBUG]   - Skipped interface: Intel(R) Ethernet Connection (14) I219-LM (Operational: False, Loopback: False, HasAddresses: True)
[2025-06-16 08:05:30.447] [DEBUG]   - Skipped link-local IPv6 address: fe80::2b74:1177:902a:85a9%14
[2025-06-16 08:05:30.447] [DEBUG]   - Skipped interface: Microsoft Wi-Fi Direct Virtual Adapter (Operational: False, Loopback: False, HasAddresses: True)
[2025-06-16 08:05:30.447] [DEBUG]   - Skipped interface: Microsoft Wi-Fi Direct Virtual Adapter #2 (Operational: False, Loopback: False, HasAddresses: True)
[2025-06-16 08:05:30.447] [DEBUG]   - Skipped interface: Intel(R) Wi-Fi 6 AX201 160MHz (Operational: False, Loopback: False, HasAddresses: True)
[2025-06-16 08:05:30.447] [DEBUG]   - Skipped interface: Bluetooth Device (Personal Area Network) (Operational: False, Loopback: False, HasAddresses: True)
[2025-06-16 08:05:30.447] [DEBUG]   - Skipped interface: Software Loopback Interface 1 (Operational: True, Loopback: True, HasAddresses: True)
[2025-06-16 08:05:30.447] [DEBUG]   - Skipped link-local IPv6 address: fe80::d5ff:606a:824:7e97%46
[2025-06-16 08:05:30.447] [DEBUG]   - Skipped WSL interface IP address: 172.22.176.1 (Interface: vEthernet (WSL), Description: Hyper-V Virtual Ethernet Adapter)
[2025-06-16 08:05:30.448] [DEBUG]   - Skipped link-local IPv6 address: fe80::686e:1f4b:9938:6776%53
[2025-06-16 08:05:30.448] [DEBUG]   - Skipped WSL interface IP address: 172.21.240.1 (Interface: vEthernet (WSL (Hyper-V firewall)), Description: Hyper-V Virtual Ethernet Adapter #2)
[2025-06-16 08:05:30.448] [DEBUG]   - Skipped interface: Realtek USB GbE Family Controller-WFP Native MAC Layer LightWeight Filter-0000 (Operational: True, Loopback: False, HasAddresses: False)
[2025-06-16 08:05:30.448] [DEBUG]   - Skipped interface: Realtek USB GbE Family Controller-QoS Packet Scheduler-0000 (Operational: True, Loopback: False, HasAddresses: False)
[2025-06-16 08:05:30.448] [DEBUG]   - Skipped interface: Realtek USB GbE Family Controller-WFP 802.3 MAC Layer LightWeight Filter-0000 (Operational: True, Loopback: False, HasAddresses: False)
[2025-06-16 08:05:30.448] [DEBUG]   - Skipped interface: PANGP Virtual Ethernet Adapter Secure-WFP Native MAC Layer LightWeight Filter-0000 (Operational: True, Loopback: False, HasAddresses: False)
[2025-06-16 08:05:30.448] [DEBUG]   - Skipped interface: Intel(R) Ethernet Connection (14) I219-LM-WFP Native MAC Layer LightWeight Filter-0000 (Operational: False, Loopback: False, HasAddresses: False)
[2025-06-16 08:05:30.448] [DEBUG]   - Skipped interface: Intel(R) Ethernet Connection (14) I219-LM-QoS Packet Scheduler-0000 (Operational: False, Loopback: False, HasAddresses: False)
[2025-06-16 08:05:30.449] [DEBUG]   - Skipped interface: Intel(R) Ethernet Connection (14) I219-LM-WFP 802.3 MAC Layer LightWeight Filter-0000 (Operational: False, Loopback: False, HasAddresses: False)
[2025-06-16 08:05:30.449] [DEBUG]   - Skipped interface: PANGP Virtual Ethernet Adapter Secure-QoS Packet Scheduler-0000 (Operational: True, Loopback: False, HasAddresses: False)
[2025-06-16 08:05:30.449] [DEBUG]   - Skipped interface: PANGP Virtual Ethernet Adapter Secure-WFP 802.3 MAC Layer LightWeight Filter-0000 (Operational: True, Loopback: False, HasAddresses: False)
[2025-06-16 08:05:30.449] [DEBUG]   - Skipped interface: Hyper-V Virtual Switch Extension Adapter-Hyper-V Virtual Switch Extension Filter-0000 (Operational: True, Loopback: False, HasAddresses: False)
[2025-06-16 08:05:30.449] [DEBUG]   - Skipped interface: Hyper-V Virtual Ethernet Adapter-WFP Native MAC Layer LightWeight Filter-0000 (Operational: True, Loopback: False, HasAddresses: False)
[2025-06-16 08:05:30.449] [DEBUG]   - Skipped interface: Hyper-V Virtual Ethernet Adapter-QoS Packet Scheduler-0000 (Operational: True, Loopback: False, HasAddresses: False)
[2025-06-16 08:05:30.449] [DEBUG]   - Skipped interface: Hyper-V Virtual Ethernet Adapter-WFP 802.3 MAC Layer LightWeight Filter-0000 (Operational: True, Loopback: False, HasAddresses: False)
[2025-06-16 08:05:30.449] [DEBUG]   - Skipped interface: Hyper-V Virtual Switch Extension Adapter #2-Hyper-V Virtual Switch Extension Filter-0000 (Operational: True, Loopback: False, HasAddresses: False)
[2025-06-16 08:05:30.450] [DEBUG]   - Skipped interface: Hyper-V Virtual Switch Extension Adapter #2-Virtual Filtering Platform VMSwitch Extension-0000 (Operational: True, Loopback: False, HasAddresses: False)
[2025-06-16 08:05:30.450] [DEBUG]   - Skipped interface: Hyper-V Virtual Ethernet Adapter #2-WFP Native MAC Layer LightWeight Filter-0000 (Operational: True, Loopback: False, HasAddresses: False)
[2025-06-16 08:05:30.450] [DEBUG]   - Skipped interface: Hyper-V Virtual Ethernet Adapter #2-QoS Packet Scheduler-0000 (Operational: True, Loopback: False, HasAddresses: False)
[2025-06-16 08:05:30.450] [DEBUG]   - Skipped interface: Hyper-V Virtual Ethernet Adapter #2-WFP 802.3 MAC Layer LightWeight Filter-0000 (Operational: True, Loopback: False, HasAddresses: False)
[2025-06-16 08:05:30.450] [DEBUG]   - Skipped interface: WAN Miniport (IP)-WFP Native MAC Layer LightWeight Filter-0000 (Operational: True, Loopback: False, HasAddresses: False)
[2025-06-16 08:05:30.450] [DEBUG]   - Skipped interface: WAN Miniport (IP)-QoS Packet Scheduler-0000 (Operational: True, Loopback: False, HasAddresses: False)
[2025-06-16 08:05:30.450] [DEBUG]   - Skipped interface: WAN Miniport (IPv6)-WFP Native MAC Layer LightWeight Filter-0000 (Operational: True, Loopback: False, HasAddresses: False)
[2025-06-16 08:05:30.450] [DEBUG]   - Skipped interface: WAN Miniport (IPv6)-QoS Packet Scheduler-0000 (Operational: True, Loopback: False, HasAddresses: False)
[2025-06-16 08:05:30.450] [DEBUG]   - Skipped interface: WAN Miniport (Network Monitor)-WFP Native MAC Layer LightWeight Filter-0000 (Operational: True, Loopback: False, HasAddresses: False)
[2025-06-16 08:05:30.451] [DEBUG]   - Skipped interface: WAN Miniport (Network Monitor)-QoS Packet Scheduler-0000 (Operational: True, Loopback: False, HasAddresses: False)
[2025-06-16 08:05:30.451] [DEBUG]   - Skipped interface: Microsoft Kernel Debug Network Adapter (Operational: False, Loopback: False, HasAddresses: False)
[2025-06-16 08:05:30.451] [DEBUG]   - Skipped interface: WAN Miniport (IP) (Operational: True, Loopback: False, HasAddresses: False)
[2025-06-16 08:05:30.451] [DEBUG]   - Skipped interface: WAN Miniport (IPv6) (Operational: True, Loopback: False, HasAddresses: False)
[2025-06-16 08:05:30.451] [DEBUG]   - Skipped interface: WAN Miniport (Network Monitor) (Operational: True, Loopback: False, HasAddresses: False)
[2025-06-16 08:05:30.451] [DEBUG]   - Skipped interface: Hyper-V Virtual Switch Extension Adapter (Operational: True, Loopback: False, HasAddresses: False)
[2025-06-16 08:05:30.451] [DEBUG]   - Skipped interface: Realtek USB GbE Family Controller #2 (Operational: False, Loopback: False, HasAddresses: False)
[2025-06-16 08:05:30.451] [DEBUG]   - Skipped interface: Hyper-V Virtual Switch Extension Adapter #2 (Operational: True, Loopback: False, HasAddresses: False)
[2025-06-16 08:05:30.452] [DEBUG]   - Skipped interface: WAN Miniport (PPPOE) (Operational: False, Loopback: False, HasAddresses: False)
[2025-06-16 08:05:30.452] [DEBUG]   - Skipped interface: Intel(R) Wi-Fi 6 AX201 160MHz-WFP Native MAC Layer LightWeight Filter-0000 (Operational: False, Loopback: False, HasAddresses: False)
[2025-06-16 08:05:30.452] [DEBUG]   - Skipped interface: Intel(R) Wi-Fi 6 AX201 160MHz-Virtual WiFi Filter Driver-0000 (Operational: False, Loopback: False, HasAddresses: False)
[2025-06-16 08:05:30.452] [DEBUG]   - Skipped interface: Intel(R) Wi-Fi 6 AX201 160MHz-Native WiFi Filter Driver-0000 (Operational: False, Loopback: False, HasAddresses: False)
[2025-06-16 08:05:30.452] [DEBUG]   - Skipped interface: Intel(R) Wi-Fi 6 AX201 160MHz-QoS Packet Scheduler-0000 (Operational: False, Loopback: False, HasAddresses: False)
[2025-06-16 08:05:30.452] [DEBUG]   - Skipped interface: Intel(R) Wi-Fi 6 AX201 160MHz-WFP 802.3 MAC Layer LightWeight Filter-0000 (Operational: False, Loopback: False, HasAddresses: False)
[2025-06-16 08:05:30.452] [DEBUG]   - Skipped interface: Microsoft Wi-Fi Direct Virtual Adapter-WFP Native MAC Layer LightWeight Filter-0000 (Operational: False, Loopback: False, HasAddresses: False)
[2025-06-16 08:05:30.452] [DEBUG]   - Skipped interface: Microsoft Wi-Fi Direct Virtual Adapter-Native WiFi Filter Driver-0000 (Operational: False, Loopback: False, HasAddresses: False)
[2025-06-16 08:05:30.453] [DEBUG]   - Skipped interface: Microsoft Wi-Fi Direct Virtual Adapter-QoS Packet Scheduler-0000 (Operational: False, Loopback: False, HasAddresses: False)
[2025-06-16 08:05:30.453] [DEBUG]   - Skipped interface: Microsoft Wi-Fi Direct Virtual Adapter-WFP 802.3 MAC Layer LightWeight Filter-0000 (Operational: False, Loopback: False, HasAddresses: False)
[2025-06-16 08:05:30.453] [DEBUG]   - Skipped interface: Microsoft Wi-Fi Direct Virtual Adapter #2-WFP Native MAC Layer LightWeight Filter-0000 (Operational: False, Loopback: False, HasAddresses: False)
[2025-06-16 08:05:30.453] [DEBUG]   - Skipped interface: Microsoft Wi-Fi Direct Virtual Adapter #2-Native WiFi Filter Driver-0000 (Operational: False, Loopback: False, HasAddresses: False)
[2025-06-16 08:05:30.453] [DEBUG]   - Skipped interface: Microsoft Wi-Fi Direct Virtual Adapter #2-QoS Packet Scheduler-0000 (Operational: False, Loopback: False, HasAddresses: False)
[2025-06-16 08:05:30.453] [DEBUG]   - Skipped interface: Microsoft Wi-Fi Direct Virtual Adapter #2-WFP 802.3 MAC Layer LightWeight Filter-0000 (Operational: False, Loopback: False, HasAddresses: False)
[2025-06-16 08:05:30.453] [DEBUG]   - Skipped interface: Microsoft Teredo Tunneling Adapter (Operational: False, Loopback: False, HasAddresses: False)
[2025-06-16 08:05:30.453] [DEBUG]   - Skipped interface: Microsoft IP-HTTPS Platform Adapter (Operational: False, Loopback: False, HasAddresses: False)
[2025-06-16 08:05:30.454] [DEBUG]   - Skipped interface: Microsoft 6to4 Adapter (Operational: False, Loopback: False, HasAddresses: False)
[2025-06-16 08:05:30.454] [DEBUG]   - Skipped interface: WAN Miniport (SSTP) (Operational: False, Loopback: False, HasAddresses: False)
[2025-06-16 08:05:30.454] [DEBUG]   - Skipped interface: WAN Miniport (IKEv2) (Operational: False, Loopback: False, HasAddresses: False)
[2025-06-16 08:05:30.454] [DEBUG]   - Skipped interface: WAN Miniport (L2TP) (Operational: False, Loopback: False, HasAddresses: False)
[2025-06-16 08:05:30.454] [DEBUG]   - Skipped interface: WAN Miniport (PPTP) (Operational: False, Loopback: False, HasAddresses: False)
[2025-06-16 08:05:30.454] [DEBUG] **** End of Skipped items ****
[2025-06-16 08:05:30.454] [DEBUG] Finished network IP address scan.
[2025-06-16 08:05:30.495] [INFO] Internet connection is available
[2025-06-16 08:05:40.963] [DEBUG] Ping 1: 31 ms to google.com
Ping 2: 42 ms to google.com
Ping 3: 30 ms to google.com
Ping 4: 31 ms to google.com
Ping 5: 31 ms to google.com
Ping 6: 32 ms to google.com
Ping 7: 34 ms to google.com
Ping 8: 34 ms to google.com
Ping 9: 32 ms to google.com
Ping 10: 32 ms to google.com
Average Ping: 32.90 ms to google.com
Median Ping: 32.00 ms to google.com
Jitter: 3.27 ms to google.com

[2025-06-16 08:05:51.322] [DEBUG] Ping 1: 22 ms to RCD2AES601.mi.corp.rockfin.com
Ping 2: 25 ms to RCD2AES601.mi.corp.rockfin.com
Ping 3: 22 ms to RCD2AES601.mi.corp.rockfin.com
Ping 4: 23 ms to RCD2AES601.mi.corp.rockfin.com
Ping 5: 24 ms to RCD2AES601.mi.corp.rockfin.com
Ping 6: 24 ms to RCD2AES601.mi.corp.rockfin.com
Ping 7: 24 ms to RCD2AES601.mi.corp.rockfin.com
Ping 8: 22 ms to RCD2AES601.mi.corp.rockfin.com
Ping 9: 25 ms to RCD2AES601.mi.corp.rockfin.com
Ping 10: 23 ms to RCD2AES601.mi.corp.rockfin.com
Average Ping: 23.40 ms to RCD2AES601.mi.corp.rockfin.com
Median Ping: 23.50 ms to RCD2AES601.mi.corp.rockfin.com
Jitter: 1.11 ms to RCD2AES601.mi.corp.rockfin.com

[2025-06-16 08:06:01.693] [DEBUG] Ping 1: 24 ms to RCD1AES601.mi.corp.rockfin.com
Ping 2: 23 ms to RCD1AES601.mi.corp.rockfin.com
Ping 3: 25 ms to RCD1AES601.mi.corp.rockfin.com
Ping 4: 25 ms to RCD1AES601.mi.corp.rockfin.com
Ping 5: 23 ms to RCD1AES601.mi.corp.rockfin.com
Ping 6: 22 ms to RCD1AES601.mi.corp.rockfin.com
Ping 7: 25 ms to RCD1AES601.mi.corp.rockfin.com
Ping 8: 22 ms to RCD1AES601.mi.corp.rockfin.com
Ping 9: 22 ms to RCD1AES601.mi.corp.rockfin.com
Ping 10: 26 ms to RCD1AES601.mi.corp.rockfin.com
Average Ping: 23.70 ms to RCD1AES601.mi.corp.rockfin.com
Median Ping: 23.50 ms to RCD1AES601.mi.corp.rockfin.com
Jitter: 1.42 ms to RCD1AES601.mi.corp.rockfin.com

[2025-06-16 08:06:12.084] [DEBUG] Ping 1: 24 ms to git.rockfin.com
Ping 2: 24 ms to git.rockfin.com
Ping 3: 28 ms to git.rockfin.com
Ping 4: 29 ms to git.rockfin.com
Ping 5: 25 ms to git.rockfin.com
Ping 6: 24 ms to git.rockfin.com
Ping 7: 25 ms to git.rockfin.com
Ping 8: 24 ms to git.rockfin.com
Ping 9: 26 ms to git.rockfin.com
Ping 10: 24 ms to git.rockfin.com
Average Ping: 25.30 ms to git.rockfin.com
Median Ping: 24.50 ms to git.rockfin.com
Jitter: 1.73 ms to git.rockfin.com

